<?xml version="1.0" encoding="UTF-8"?>
<!-- Generated by org.testng.reporters.JUnitXMLReporter -->
<testsuite ignored="0" hostname="Srivarshitha" failures="1" tests="2" name="Default test(failed)" time="0.042" errors="0" timestamp="2024-11-08T13:16:52 IST">
  <testcase classname="distributedParallelCh3.Test1" name="demo1" time="0.01">
    <failure type="java.lang.AssertionError" message="null">
      <![CDATA[java.lang.AssertionError: null
at distributedParallelCh3.Test1.demo1(Test1.java:11)
at java.base/java.util.ArrayList.forEach(ArrayList.java:1597)
... Removed 27 stack frames]]>
    </failure>
  </testcase> <!-- demo1 -->
  <testcase classname="distributedParallelCh3.Test1" name="demo2" time="0.001"/>
</testsuite> <!-- Default test(failed) -->
