<?xml version="1.0" encoding="UTF-8"?>
<!-- Generated by org.testng.reporters.JUnitXMLReporter -->
<testsuite ignored="0" hostname="Srivarshitha" failures="1" tests="2" name="Test" time="0.066" errors="0" timestamp="2024-11-09T12:23:50 IST">
  <testcase classname="ListenersCh3.TestClass" name="testMethod1" time="0.009">
    <failure type="java.lang.AssertionError" message="null">
      <![CDATA[java.lang.AssertionError: null
at ListenersCh3.TestClass.testMethod1(TestClass.java:15)
at java.base/java.util.ArrayList.forEach(ArrayList.java:1597)
... Removed 27 stack frames]]>
    </failure>
  </testcase> <!-- testMethod1 -->
  <testcase classname="ListenersCh3.TestClass" name="testMethod2" time="0.0">
    <skipped/>
  </testcase> <!-- testMethod2 -->
</testsuite> <!-- Test -->
