<?xml version="1.0" encoding="UTF-8"?>
<!-- Generated by org.testng.reporters.JUnitXMLReporter -->
<testsuite ignored="0" hostname="Srivarshitha" failures="0" tests="4" name="Test Runner3" time="0.092" errors="0" timestamp="2024-11-06T13:29:54 IST">
  <testcase classname="distributedParallelCh3.Test6" name="demo1" time="0.024"/>
  <testcase classname="distributedParallelCh3.Test6" name="demo2" time="0.008"/>
  <testcase classname="distributedParallelCh3.Test5" name="demo1" time="0.001"/>
  <testcase classname="distributedParallelCh3.Test5" name="demo2" time="0.006"/>
</testsuite> <!-- Test Runner3 -->
