<?xml version="1.0" encoding="UTF-8"?>
<!-- Generated by org.testng.reporters.JUnitXMLReporter -->
<testsuite ignored="1" hostname="Srivarshitha" failures="0" tests="1" name="Default test(failed)(failed)" time="0.033" errors="0" timestamp="2024-11-08T13:17:23 IST">
  <testcase classname="distributedParallelCh3.Test1" name="demo1" time="0.008"/>
  <testcase classname="distributedParallelCh3.Test1" name="demo2" time="0.0">
    <ignored/>
  </testcase> <!-- demo2 -->
</testsuite> <!-- Default test(failed)(failed) -->
